# Server version 0.08 running on 192.168.2.18:8123
# Game ID: 4
# Board class: pentago_twist.PentagoBoard
# Timeout: 20000
# First Move Timeout: 30000
# Date: Wed Mar 17 18:15:34 EDT 2021
# Player 1: Player-0, 'RandomPlayer', running on 192.168.2.18
# Player 2: Player-1, 'RandomPlayer', running on 192.168.2.18
START Player-0 RandomPlayer
START Player-1 RandomPlayer
5 2 2 0 0
0 1 2 0 1
0 4 0 0 0
3 3 0 0 1
4 1 2 1 0
1 4 2 1 1
2 0 0 1 0
3 5 0 1 1
5 3 2 1 0
5 4 2 1 1
1 3 0 0 0
3 2 0 0 1
0 0 2 1 0
1 2 2 1 1
5 0 2 0 0
5 0 2 0 1
2 0 1 0 0
2 1 1 0 1
4 5 2 0 0
4 0 2 0 1
4 4 0 0 0
2 3 0 0 1
4 3 2 0 0
2 5 2 0 1
1 1 2 1 0
4 0 2 1 1
0 4 2 0 0
0 5 2 0 1
0 3 0 1 0
3 4 0 1 1
GAMEOVER WINNER 1
# Game ended: Wed Mar 17 18:15:34 EDT 2021
